-- The C compiler identification is GNU 11.4.0
-- The CXX compiler identification is GNU 11.4.0
-- Detecting C compiler ABI info
-- Detecting C compiler ABI info - done
-- Check for working C compiler: /usr/bin/cc - skipped
-- Detecting C compile features
-- Detecting C compile features - done
-- Detecting CXX compiler ABI info
-- Detecting CXX compiler ABI info - done
-- Check for working CXX compiler: /usr/bin/c++ - skipped
-- Detecting CXX compile features
-- Detecting CXX compile features - done
-- Found ament_cmake: 1.3.11 (/opt/ros/humble/share/ament_cmake/cmake)
-- Found Python3: /usr/bin/python3 (found version "3.10.12") found components: Interpreter 
-- Found robot_state_publisher: 3.0.3 (/opt/ros/humble/share/robot_state_publisher/cmake)
-- Found rosidl_generator_c: 3.1.6 (/opt/ros/humble/share/rosidl_generator_c/cmake)
-- Found rosidl_adapter: 3.1.6 (/opt/ros/humble/share/rosidl_adapter/cmake)
-- Found rosidl_generator_cpp: 3.1.6 (/opt/ros/humble/share/rosidl_generator_cpp/cmake)
-- Using all available rosidl_typesupport_c: rosidl_typesupport_fastrtps_c;rosidl_typesupport_introspection_c
-- Using all available rosidl_typesupport_cpp: rosidl_typesupport_fastrtps_cpp;rosidl_typesupport_introspection_cpp
-- Found eigen3_cmake_module: 0.1.1 (/opt/ros/humble/share/eigen3_cmake_module/cmake)
-- Found Eigen3: TRUE (found version "3.4.0") 
-- Ensuring Eigen3 include directory is part of orocos-kdl CMake target
-- Found rmw_implementation_cmake: 6.1.2 (/opt/ros/humble/share/rmw_implementation_cmake/cmake)
-- Found rmw_fastrtps_cpp: 6.2.7 (/opt/ros/humble/share/rmw_fastrtps_cpp/cmake)
-- Found OpenSSL: /usr/lib/x86_64-linux-gnu/libcrypto.so (found version "3.0.2")  
-- Found FastRTPS: /opt/ros/humble/include  
-- Using RMW implementation 'rmw_fastrtps_cpp' as default
-- Looking for pthread.h
-- Looking for pthread.h - found
-- Performing Test CMAKE_HAVE_LIBC_PTHREAD
-- Performing Test CMAKE_HAVE_LIBC_PTHREAD - Success
-- Found Threads: TRUE  
-- Configuring done
-- Generating done
-- Build files have been written to: /root/ros2_ws/build/owl_description
-- Install configuration: ""
-- Installing: /root/ros2_ws/install/owl_description/share/owl_description//launch
-- Installing: /root/ros2_ws/install/owl_description/share/owl_description//launch/gazebo.launch.py
-- Installing: /root/ros2_ws/install/owl_description/share/owl_description//launch/6.5
-- Installing: /root/ros2_ws/install/owl_description/share/owl_description//launch/6.5/visualize_6.5_rviz.launch.py
-- Installing: /root/ros2_ws/install/owl_description/share/owl_description//launch/6.5/visualize_6.5_pneumatic_rviz.launch.py
-- Installing: /root/ros2_ws/install/owl_description/share/owl_description//launch/6.5/visualize_6.5_vacuum_rviz.launch.py
-- Installing: /root/ros2_ws/install/owl_description/share/owl_description//launch/6.5/visualize_6.5_robotiq2f85_rviz.launch.py
-- Installing: /root/ros2_ws/install/owl_description/share/owl_description//urdf
-- Installing: /root/ros2_ws/install/owl_description/share/owl_description//urdf/grippers
-- Installing: /root/ros2_ws/install/owl_description/share/owl_description//urdf/grippers/robotiq2f85
-- Installing: /root/ros2_ws/install/owl_description/share/owl_description//urdf/grippers/robotiq2f85/robotiq2f85.urdf.xacro
-- Installing: /root/ros2_ws/install/owl_description/share/owl_description//urdf/grippers/robotiq2f85/robotiq2f85.gazebo.xacro
-- Installing: /root/ros2_ws/install/owl_description/share/owl_description//urdf/grippers/pneumatic
-- Installing: /root/ros2_ws/install/owl_description/share/owl_description//urdf/grippers/pneumatic/pneumatic.xacro
-- Installing: /root/ros2_ws/install/owl_description/share/owl_description//urdf/grippers/vacuum
-- Installing: /root/ros2_ws/install/owl_description/share/owl_description//urdf/grippers/vacuum/vacuum_gripper.xacro
-- Installing: /root/ros2_ws/install/owl_description/share/owl_description//urdf/6.5
-- Installing: /root/ros2_ws/install/owl_description/share/owl_description//urdf/6.5/owl.xacro
-- Installing: /root/ros2_ws/install/owl_description/share/owl_description//urdf/6.5/realsense_camera.xacro
-- Installing: /root/ros2_ws/install/owl_description/share/owl_description//urdf/6.5/robot_vacuum.xacro
-- Installing: /root/ros2_ws/install/owl_description/share/owl_description//urdf/6.5/robot_pneumatic.xacro
-- Installing: /root/ros2_ws/install/owl_description/share/owl_description//urdf/6.5/robot.xacro
-- Installing: /root/ros2_ws/install/owl_description/share/owl_description//urdf/6.5/gazebo
-- Installing: /root/ros2_ws/install/owl_description/share/owl_description//urdf/6.5/gazebo/gazebo_6.5_control.xacro
-- Installing: /root/ros2_ws/install/owl_description/share/owl_description//urdf/6.5/robot_robotiq2f85.xacro
-- Installing: /root/ros2_ws/install/owl_description/share/owl_description//rviz
-- Installing: /root/ros2_ws/install/owl_description/share/owl_description//rviz/robot.rviz
-- Installing: /root/ros2_ws/install/owl_description/share/owl_description//meshes
-- Installing: /root/ros2_ws/install/owl_description/share/owl_description//meshes/grippers
-- Installing: /root/ros2_ws/install/owl_description/share/owl_description//meshes/grippers/robotiq2f85
-- Installing: /root/ros2_ws/install/owl_description/share/owl_description//meshes/grippers/robotiq2f85/visual
-- Installing: /root/ros2_ws/install/owl_description/share/owl_description//meshes/grippers/robotiq2f85/visual/kinova_robotiq_coupler.dae
-- Installing: /root/ros2_ws/install/owl_description/share/owl_description//meshes/grippers/robotiq2f85/visual/robotiq_85_base_link.dae
-- Installing: /root/ros2_ws/install/owl_description/share/owl_description//meshes/grippers/robotiq2f85/visual/robotiq_85_knuckle_link.dae
-- Installing: /root/ros2_ws/install/owl_description/share/owl_description//meshes/grippers/robotiq2f85/visual/robotiq_85_inner_knuckle_link.dae
-- Installing: /root/ros2_ws/install/owl_description/share/owl_description//meshes/grippers/robotiq2f85/visual/robotiq_85_finger_link.dae
-- Installing: /root/ros2_ws/install/owl_description/share/owl_description//meshes/grippers/robotiq2f85/visual/robotiq_85_finger_tip_link.dae
-- Installing: /root/ros2_ws/install/owl_description/share/owl_description//meshes/grippers/robotiq2f85/collision
-- Installing: /root/ros2_ws/install/owl_description/share/owl_description//meshes/grippers/robotiq2f85/collision/robotiq_85_inner_knuckle_link.stl
-- Installing: /root/ros2_ws/install/owl_description/share/owl_description//meshes/grippers/robotiq2f85/collision/robotiq_85_finger_link.stl
-- Installing: /root/ros2_ws/install/owl_description/share/owl_description//meshes/grippers/robotiq2f85/collision/kinova_robotiq_coupler.stl
-- Installing: /root/ros2_ws/install/owl_description/share/owl_description//meshes/grippers/robotiq2f85/collision/robotiq_85_finger_tip_link.stl
-- Installing: /root/ros2_ws/install/owl_description/share/owl_description//meshes/grippers/robotiq2f85/collision/robotiq_85_base_link.stl
-- Installing: /root/ros2_ws/install/owl_description/share/owl_description//meshes/grippers/robotiq2f85/collision/robotiq_85_knuckle_link.stl
-- Installing: /root/ros2_ws/install/owl_description/share/owl_description//meshes/grippers/pneumatic
-- Installing: /root/ros2_ws/install/owl_description/share/owl_description//meshes/grippers/pneumatic/pneumatic.stl
-- Installing: /root/ros2_ws/install/owl_description/share/owl_description//meshes/grippers/vacuum
-- Installing: /root/ros2_ws/install/owl_description/share/owl_description//meshes/grippers/vacuum/base_link.stl
-- Installing: /root/ros2_ws/install/owl_description/share/owl_description//meshes/6.5
-- Installing: /root/ros2_ws/install/owl_description/share/owl_description//meshes/6.5/visual
-- Installing: /root/ros2_ws/install/owl_description/share/owl_description//meshes/6.5/visual/holder
-- Installing: /root/ros2_ws/install/owl_description/share/owl_description//meshes/6.5/visual/holder/ARUCO_HOLDER.STL
-- Installing: /root/ros2_ws/install/owl_description/share/owl_description//meshes/6.5/visual/holder/Camera_Ur5e_gripper_Mount_Disc.STL
-- Installing: /root/ros2_ws/install/owl_description/share/owl_description//meshes/6.5/visual/holder/MOUNT.STL
-- Installing: /root/ros2_ws/install/owl_description/share/owl_description//meshes/6.5/visual/camera_stand
-- Installing: /root/ros2_ws/install/owl_description/share/owl_description//meshes/6.5/visual/camera_stand/robogpt_stand
-- Installing: /root/ros2_ws/install/owl_description/share/owl_description//meshes/6.5/visual/camera_stand/robogpt_stand/robogpt_setup.png
-- Installing: /root/ros2_ws/install/owl_description/share/owl_description//meshes/6.5/visual/camera_stand/robogpt_stand/robogpt_stand.stl
-- Installing: /root/ros2_ws/install/owl_description/share/owl_description//meshes/6.5/visual/camera_stand/camera_stand
-- Installing: /root/ros2_ws/install/owl_description/share/owl_description//meshes/6.5/visual/camera_stand/camera_stand/camera_stand.STL
-- Installing: /root/ros2_ws/install/owl_description/share/owl_description//meshes/6.5/visual/owl_robot
-- Installing: /root/ros2_ws/install/owl_description/share/owl_description//meshes/6.5/visual/owl_robot/link1.stl
-- Installing: /root/ros2_ws/install/owl_description/share/owl_description//meshes/6.5/visual/owl_robot/shoulder_link.stl
-- Installing: /root/ros2_ws/install/owl_description/share/owl_description//meshes/6.5/visual/owl_robot/elbow_link.stl
-- Installing: /root/ros2_ws/install/owl_description/share/owl_description//meshes/6.5/visual/owl_robot/end_effector_link.stl
-- Installing: /root/ros2_ws/install/owl_description/share/owl_description//meshes/6.5/visual/owl_robot/base_link.stl
-- Installing: /root/ros2_ws/install/owl_description/share/owl_description//meshes/6.5/visual/owl_robot/link2.stl
-- Installing: /root/ros2_ws/install/owl_description/share/owl_description//meshes/6.5/visual/owl_robot/w2w3_link.stl
-- Installing: /root/ros2_ws/install/owl_description/share/owl_description//meshes/6.5/visual/gripper
-- Installing: /root/ros2_ws/install/owl_description/share/owl_description//meshes/6.5/visual/gripper/robotiq
-- Installing: /root/ros2_ws/install/owl_description/share/owl_description//meshes/6.5/visual/gripper/robotiq/visual
-- Installing: /root/ros2_ws/install/owl_description/share/owl_description//meshes/6.5/visual/gripper/robotiq/visual/kinova_robotiq_coupler.dae
-- Installing: /root/ros2_ws/install/owl_description/share/owl_description//meshes/6.5/visual/gripper/robotiq/visual/robotiq_85_base_link.dae
-- Installing: /root/ros2_ws/install/owl_description/share/owl_description//meshes/6.5/visual/gripper/robotiq/visual/robotiq_85_knuckle_link.dae
-- Installing: /root/ros2_ws/install/owl_description/share/owl_description//meshes/6.5/visual/gripper/robotiq/visual/robotiq_85_inner_knuckle_link.dae
-- Installing: /root/ros2_ws/install/owl_description/share/owl_description//meshes/6.5/visual/gripper/robotiq/visual/robotiq_85_finger_link.dae
-- Installing: /root/ros2_ws/install/owl_description/share/owl_description//meshes/6.5/visual/gripper/robotiq/visual/robotiq_85_finger_tip_link.dae
-- Installing: /root/ros2_ws/install/owl_description/share/owl_description//meshes/6.5/visual/gripper/robotiq/collision
-- Installing: /root/ros2_ws/install/owl_description/share/owl_description//meshes/6.5/visual/gripper/robotiq/collision/robotiq_85_inner_knuckle_link.stl
-- Installing: /root/ros2_ws/install/owl_description/share/owl_description//meshes/6.5/visual/gripper/robotiq/collision/robotiq_85_finger_link.stl
-- Installing: /root/ros2_ws/install/owl_description/share/owl_description//meshes/6.5/visual/gripper/robotiq/collision/kinova_robotiq_coupler.stl
-- Installing: /root/ros2_ws/install/owl_description/share/owl_description//meshes/6.5/visual/gripper/robotiq/collision/robotiq_85_finger_tip_link.stl
-- Installing: /root/ros2_ws/install/owl_description/share/owl_description//meshes/6.5/visual/gripper/robotiq/collision/robotiq_85_base_link.stl
-- Installing: /root/ros2_ws/install/owl_description/share/owl_description//meshes/6.5/visual/gripper/robotiq/collision/robotiq_85_knuckle_link.stl
-- Installing: /root/ros2_ws/install/owl_description/share/owl_description//meshes/6.5/visual/gripper/pneumatic
-- Installing: /root/ros2_ws/install/owl_description/share/owl_description//meshes/6.5/visual/gripper/pneumatic/ANG_GRIPPER.STL
-- Installing: /root/ros2_ws/install/owl_description/share/owl_description//meshes/6.5/visual/gripper/spring_loaded
-- Installing: /root/ros2_ws/install/owl_description/share/owl_description//meshes/6.5/visual/gripper/spring_loaded/base_link.STL
-- Installing: /root/ros2_ws/install/owl_description/share/owl_description//meshes/6.5/visual/camera
-- Installing: /root/ros2_ws/install/owl_description/share/owl_description//meshes/6.5/visual/camera/d435
-- Installing: /root/ros2_ws/install/owl_description/share/owl_description//meshes/6.5/visual/camera/d435/d435.dae
-- Installing: /root/ros2_ws/install/owl_description/share/owl_description//meshes/6.5/visual/camera/d435/d435.stl
-- Installing: /root/ros2_ws/install/owl_description/share/owl_description//meshes/6.5/visual/camera/d415
-- Installing: /root/ros2_ws/install/owl_description/share/owl_description//meshes/6.5/visual/camera/d415/d415.stl
-- Installing: /root/ros2_ws/install/owl_description/share/owl_description//meshes/6.5/collision
-- Installing: /root/ros2_ws/install/owl_description/share/owl_description//meshes/6.5/collision/holder
-- Installing: /root/ros2_ws/install/owl_description/share/owl_description//meshes/6.5/collision/holder/ARUCO_HOLDER.STL
-- Installing: /root/ros2_ws/install/owl_description/share/owl_description//meshes/6.5/collision/holder/Camera_Ur5e_gripper_Mount_Disc.STL
-- Installing: /root/ros2_ws/install/owl_description/share/owl_description//meshes/6.5/collision/holder/MOUNT.STL
-- Installing: /root/ros2_ws/install/owl_description/share/owl_description//meshes/6.5/collision/camera_stand
-- Installing: /root/ros2_ws/install/owl_description/share/owl_description//meshes/6.5/collision/camera_stand/robogpt_stand
-- Installing: /root/ros2_ws/install/owl_description/share/owl_description//meshes/6.5/collision/camera_stand/robogpt_stand/robogpt_setup.png
-- Installing: /root/ros2_ws/install/owl_description/share/owl_description//meshes/6.5/collision/camera_stand/robogpt_stand/robogpt_stand.stl
-- Installing: /root/ros2_ws/install/owl_description/share/owl_description//meshes/6.5/collision/camera_stand/camera_stand
-- Installing: /root/ros2_ws/install/owl_description/share/owl_description//meshes/6.5/collision/camera_stand/camera_stand/camera_stand.STL
-- Installing: /root/ros2_ws/install/owl_description/share/owl_description//meshes/6.5/collision/owl_robot
-- Installing: /root/ros2_ws/install/owl_description/share/owl_description//meshes/6.5/collision/owl_robot/link1.stl
-- Installing: /root/ros2_ws/install/owl_description/share/owl_description//meshes/6.5/collision/owl_robot/shoulder_link.stl
-- Installing: /root/ros2_ws/install/owl_description/share/owl_description//meshes/6.5/collision/owl_robot/elbow_link.stl
-- Installing: /root/ros2_ws/install/owl_description/share/owl_description//meshes/6.5/collision/owl_robot/end_effector_link.stl
-- Installing: /root/ros2_ws/install/owl_description/share/owl_description//meshes/6.5/collision/owl_robot/base_link.stl
-- Installing: /root/ros2_ws/install/owl_description/share/owl_description//meshes/6.5/collision/owl_robot/link2.stl
-- Installing: /root/ros2_ws/install/owl_description/share/owl_description//meshes/6.5/collision/owl_robot/w2w3_link.stl
-- Installing: /root/ros2_ws/install/owl_description/share/owl_description//meshes/6.5/collision/gripper
-- Installing: /root/ros2_ws/install/owl_description/share/owl_description//meshes/6.5/collision/gripper/robotiq
-- Installing: /root/ros2_ws/install/owl_description/share/owl_description//meshes/6.5/collision/gripper/robotiq/visual
-- Installing: /root/ros2_ws/install/owl_description/share/owl_description//meshes/6.5/collision/gripper/robotiq/visual/kinova_robotiq_coupler.dae
-- Installing: /root/ros2_ws/install/owl_description/share/owl_description//meshes/6.5/collision/gripper/robotiq/visual/robotiq_85_base_link.dae
-- Installing: /root/ros2_ws/install/owl_description/share/owl_description//meshes/6.5/collision/gripper/robotiq/visual/robotiq_85_knuckle_link.dae
-- Installing: /root/ros2_ws/install/owl_description/share/owl_description//meshes/6.5/collision/gripper/robotiq/visual/robotiq_85_inner_knuckle_link.dae
-- Installing: /root/ros2_ws/install/owl_description/share/owl_description//meshes/6.5/collision/gripper/robotiq/visual/robotiq_85_finger_link.dae
-- Installing: /root/ros2_ws/install/owl_description/share/owl_description//meshes/6.5/collision/gripper/robotiq/visual/robotiq_85_finger_tip_link.dae
-- Installing: /root/ros2_ws/install/owl_description/share/owl_description//meshes/6.5/collision/gripper/robotiq/collision
-- Installing: /root/ros2_ws/install/owl_description/share/owl_description//meshes/6.5/collision/gripper/robotiq/collision/robotiq_85_inner_knuckle_link.stl
-- Installing: /root/ros2_ws/install/owl_description/share/owl_description//meshes/6.5/collision/gripper/robotiq/collision/robotiq_85_finger_link.stl
-- Installing: /root/ros2_ws/install/owl_description/share/owl_description//meshes/6.5/collision/gripper/robotiq/collision/kinova_robotiq_coupler.stl
-- Installing: /root/ros2_ws/install/owl_description/share/owl_description//meshes/6.5/collision/gripper/robotiq/collision/robotiq_85_finger_tip_link.stl
-- Installing: /root/ros2_ws/install/owl_description/share/owl_description//meshes/6.5/collision/gripper/robotiq/collision/robotiq_85_base_link.stl
-- Installing: /root/ros2_ws/install/owl_description/share/owl_description//meshes/6.5/collision/gripper/robotiq/collision/robotiq_85_knuckle_link.stl
-- Installing: /root/ros2_ws/install/owl_description/share/owl_description//meshes/6.5/collision/gripper/pneumatic
-- Installing: /root/ros2_ws/install/owl_description/share/owl_description//meshes/6.5/collision/gripper/pneumatic/ANG_GRIPPER.STL
-- Installing: /root/ros2_ws/install/owl_description/share/owl_description//meshes/6.5/collision/gripper/spring_loaded
-- Installing: /root/ros2_ws/install/owl_description/share/owl_description//meshes/6.5/collision/gripper/spring_loaded/base_link.STL
-- Installing: /root/ros2_ws/install/owl_description/share/owl_description//meshes/6.5/collision/camera
-- Installing: /root/ros2_ws/install/owl_description/share/owl_description//meshes/6.5/collision/camera/d435
-- Installing: /root/ros2_ws/install/owl_description/share/owl_description//meshes/6.5/collision/camera/d435/d435.dae
-- Installing: /root/ros2_ws/install/owl_description/share/owl_description//meshes/6.5/collision/camera/d435/d435.stl
-- Installing: /root/ros2_ws/install/owl_description/share/owl_description//meshes/6.5/collision/camera/d415
-- Installing: /root/ros2_ws/install/owl_description/share/owl_description//meshes/6.5/collision/camera/d415/d415.stl
-- Installing: /root/ros2_ws/install/owl_description/share/owl_description//env_hooks
-- Installing: /root/ros2_ws/install/owl_description/share/owl_description//env_hooks/owl_description.sh.in
-- Installing: /root/ros2_ws/install/owl_description/share/owl_description/environment/owl_description.sh
-- Installing: /root/ros2_ws/install/owl_description/share/ament_index/resource_index/package_run_dependencies/owl_description
-- Installing: /root/ros2_ws/install/owl_description/share/ament_index/resource_index/parent_prefix_path/owl_description
-- Installing: /root/ros2_ws/install/owl_description/share/owl_description/environment/ament_prefix_path.sh
-- Installing: /root/ros2_ws/install/owl_description/share/owl_description/environment/ament_prefix_path.dsv
-- Installing: /root/ros2_ws/install/owl_description/share/owl_description/environment/path.sh
-- Installing: /root/ros2_ws/install/owl_description/share/owl_description/environment/path.dsv
-- Installing: /root/ros2_ws/install/owl_description/share/owl_description/local_setup.bash
-- Installing: /root/ros2_ws/install/owl_description/share/owl_description/local_setup.sh
-- Installing: /root/ros2_ws/install/owl_description/share/owl_description/local_setup.zsh
-- Installing: /root/ros2_ws/install/owl_description/share/owl_description/local_setup.dsv
-- Installing: /root/ros2_ws/install/owl_description/share/owl_description/package.dsv
-- Installing: /root/ros2_ws/install/owl_description/share/ament_index/resource_index/packages/owl_description
-- Installing: /root/ros2_ws/install/owl_description/share/owl_description/cmake/owl_descriptionConfig.cmake
-- Installing: /root/ros2_ws/install/owl_description/share/owl_description/cmake/owl_descriptionConfig-version.cmake
-- Installing: /root/ros2_ws/install/owl_description/share/owl_description/package.xml
