[0.036s] Invoking command in '/root/ros2_ws/build/owl_description': CMAKE_PREFIX_PATH=${CMAKE_PREFIX_PATH}:/opt/ros/humble /usr/bin/cmake /root/ros2_ws/src/owl_description -DCMAKE_INSTALL_PREFIX=/root/ros2_ws/install/owl_description
[0.063s] -- Found ament_cmake: 1.3.11 (/opt/ros/humble/share/ament_cmake/cmake)
[0.445s] -- Override CMake install command with custom implementation using symlinks instead of copying resources
[0.466s] -- Found robot_state_publisher: 3.0.3 (/opt/ros/humble/share/robot_state_publisher/cmake)
[0.644s] -- Found rosidl_generator_c: 3.1.6 (/opt/ros/humble/share/rosidl_generator_c/cmake)
[0.653s] -- Found rosidl_adapter: 3.1.6 (/opt/ros/humble/share/rosidl_adapter/cmake)
[0.674s] -- Found rosidl_generator_cpp: 3.1.6 (/opt/ros/humble/share/rosidl_generator_cpp/cmake)
[0.711s] -- Using all available rosidl_typesupport_c: rosidl_typesupport_fastrtps_c;rosidl_typesupport_introspection_c
[0.755s] -- Using all available rosidl_typesupport_cpp: rosidl_typesupport_fastrtps_cpp;rosidl_typesupport_introspection_cpp
[0.892s] -- Found eigen3_cmake_module: 0.1.1 (/opt/ros/humble/share/eigen3_cmake_module/cmake)
[0.898s] -- Ensuring Eigen3 include directory is part of orocos-kdl CMake target
[0.989s] -- Found rmw_implementation_cmake: 6.1.2 (/opt/ros/humble/share/rmw_implementation_cmake/cmake)
[0.993s] -- Found rmw_fastrtps_cpp: 6.2.7 (/opt/ros/humble/share/rmw_fastrtps_cpp/cmake)
[5.024s] -- Using RMW implementation 'rmw_fastrtps_cpp' as default
[6.568s] -- Configuring done
[6.579s] -- Generating done
[6.587s] -- Build files have been written to: /root/ros2_ws/build/owl_description
[6.608s] Invoked command in '/root/ros2_ws/build/owl_description' returned '0': CMAKE_PREFIX_PATH=${CMAKE_PREFIX_PATH}:/opt/ros/humble /usr/bin/cmake /root/ros2_ws/src/owl_description -DCMAKE_INSTALL_PREFIX=/root/ros2_ws/install/owl_description
[6.613s] Invoking command in '/root/ros2_ws/build/owl_description': CMAKE_PREFIX_PATH=${CMAKE_PREFIX_PATH}:/opt/ros/humble /usr/bin/cmake --build /root/ros2_ws/build/owl_description -- -j8 -l8
[6.706s] Invoked command in '/root/ros2_ws/build/owl_description' returned '0': CMAKE_PREFIX_PATH=${CMAKE_PREFIX_PATH}:/opt/ros/humble /usr/bin/cmake --build /root/ros2_ws/build/owl_description -- -j8 -l8
[6.727s] Invoking command in '/root/ros2_ws/build/owl_description': CMAKE_PREFIX_PATH=${CMAKE_PREFIX_PATH}:/opt/ros/humble /usr/bin/cmake --install /root/ros2_ws/build/owl_description
[6.743s] -- Install configuration: ""
[6.745s] -- Execute custom install script
[6.746s] -- Up-to-date symlink: /root/ros2_ws/install/owl_description/share/owl_description//launch/6.5/visualize_6.5_pneumatic_rviz.launch.py
[6.747s] -- Up-to-date symlink: /root/ros2_ws/install/owl_description/share/owl_description//launch/6.5/visualize_6.5_robotiq2f85_rviz.launch.py
[6.748s] -- Up-to-date symlink: /root/ros2_ws/install/owl_description/share/owl_description//launch/6.5/visualize_6.5_rviz.launch.py
[6.749s] -- Up-to-date symlink: /root/ros2_ws/install/owl_description/share/owl_description//launch/6.5/visualize_6.5_vacuum_rviz.launch.py
[6.749s] -- Up-to-date symlink: /root/ros2_ws/install/owl_description/share/owl_description//launch/gazebo.launch.py
[6.749s] -- Up-to-date symlink: /root/ros2_ws/install/owl_description/share/owl_description//urdf/6.5/gazebo/gazebo_6.5_control.xacro
[6.750s] -- Up-to-date symlink: /root/ros2_ws/install/owl_description/share/owl_description//urdf/6.5/owl.xacro
[6.751s] -- Up-to-date symlink: /root/ros2_ws/install/owl_description/share/owl_description//urdf/6.5/owl_ros2_control.xacro
[6.751s] -- Up-to-date symlink: /root/ros2_ws/install/owl_description/share/owl_description//urdf/6.5/realsense_camera.xacro
[6.752s] -- Up-to-date symlink: /root/ros2_ws/install/owl_description/share/owl_description//urdf/6.5/robot.xacro
[6.753s] -- Up-to-date symlink: /root/ros2_ws/install/owl_description/share/owl_description//urdf/6.5/robot_pneumatic.xacro
[6.754s] -- Up-to-date symlink: /root/ros2_ws/install/owl_description/share/owl_description//urdf/6.5/robot_robotiq2f85.xacro
[6.755s] -- Up-to-date symlink: /root/ros2_ws/install/owl_description/share/owl_description//urdf/6.5/robot_vacuum.xacro
[6.755s] -- Symlinking: /root/ros2_ws/install/owl_description/share/owl_description//urdf/6.5/ros2_control_block.xacro
[6.774s] -- Up-to-date symlink: /root/ros2_ws/install/owl_description/share/owl_description//urdf/grippers/pneumatic/pneumatic.xacro
[6.775s] -- Up-to-date symlink: /root/ros2_ws/install/owl_description/share/owl_description//urdf/grippers/robotiq2f85/robotiq2f85.gazebo.xacro
[6.775s] -- Up-to-date symlink: /root/ros2_ws/install/owl_description/share/owl_description//urdf/grippers/robotiq2f85/robotiq2f85.urdf.xacro
[6.776s] -- Up-to-date symlink: /root/ros2_ws/install/owl_description/share/owl_description//urdf/grippers/vacuum/vacuum_gripper.xacro
[6.777s] -- Up-to-date symlink: /root/ros2_ws/install/owl_description/share/owl_description//rviz/robot.rviz
[6.779s] -- Up-to-date symlink: /root/ros2_ws/install/owl_description/share/owl_description//meshes/6.5/collision/camera/d415/d415.stl
[6.779s] -- Up-to-date symlink: /root/ros2_ws/install/owl_description/share/owl_description//meshes/6.5/collision/camera/d435/d435.dae
[6.780s] -- Up-to-date symlink: /root/ros2_ws/install/owl_description/share/owl_description//meshes/6.5/collision/camera/d435/d435.stl
[6.781s] -- Up-to-date symlink: /root/ros2_ws/install/owl_description/share/owl_description//meshes/6.5/collision/camera_stand/camera_stand/camera_stand.STL
[6.781s] -- Up-to-date symlink: /root/ros2_ws/install/owl_description/share/owl_description//meshes/6.5/collision/camera_stand/robogpt_stand/robogpt_setup.png
[6.781s] -- Up-to-date symlink: /root/ros2_ws/install/owl_description/share/owl_description//meshes/6.5/collision/camera_stand/robogpt_stand/robogpt_stand.stl
[6.782s] -- Up-to-date symlink: /root/ros2_ws/install/owl_description/share/owl_description//meshes/6.5/collision/gripper/pneumatic/ANG_GRIPPER.STL
[6.783s] -- Up-to-date symlink: /root/ros2_ws/install/owl_description/share/owl_description//meshes/6.5/collision/gripper/robotiq/collision/kinova_robotiq_coupler.stl
[6.785s] -- Up-to-date symlink: /root/ros2_ws/install/owl_description/share/owl_description//meshes/6.5/collision/gripper/robotiq/collision/robotiq_85_base_link.stl
[6.785s] -- Up-to-date symlink: /root/ros2_ws/install/owl_description/share/owl_description//meshes/6.5/collision/gripper/robotiq/collision/robotiq_85_finger_link.stl
[6.786s] -- Up-to-date symlink: /root/ros2_ws/install/owl_description/share/owl_description//meshes/6.5/collision/gripper/robotiq/collision/robotiq_85_finger_tip_link.stl
[6.786s] -- Up-to-date symlink: /root/ros2_ws/install/owl_description/share/owl_description//meshes/6.5/collision/gripper/robotiq/collision/robotiq_85_inner_knuckle_link.stl
[6.787s] -- Up-to-date symlink: /root/ros2_ws/install/owl_description/share/owl_description//meshes/6.5/collision/gripper/robotiq/collision/robotiq_85_knuckle_link.stl
[6.787s] -- Up-to-date symlink: /root/ros2_ws/install/owl_description/share/owl_description//meshes/6.5/collision/gripper/robotiq/visual/kinova_robotiq_coupler.dae
[6.788s] -- Up-to-date symlink: /root/ros2_ws/install/owl_description/share/owl_description//meshes/6.5/collision/gripper/robotiq/visual/robotiq_85_base_link.dae
[6.788s] -- Up-to-date symlink: /root/ros2_ws/install/owl_description/share/owl_description//meshes/6.5/collision/gripper/robotiq/visual/robotiq_85_finger_link.dae
[6.788s] -- Up-to-date symlink: /root/ros2_ws/install/owl_description/share/owl_description//meshes/6.5/collision/gripper/robotiq/visual/robotiq_85_finger_tip_link.dae
[6.789s] -- Up-to-date symlink: /root/ros2_ws/install/owl_description/share/owl_description//meshes/6.5/collision/gripper/robotiq/visual/robotiq_85_inner_knuckle_link.dae
[6.789s] -- Up-to-date symlink: /root/ros2_ws/install/owl_description/share/owl_description//meshes/6.5/collision/gripper/robotiq/visual/robotiq_85_knuckle_link.dae
[6.790s] -- Up-to-date symlink: /root/ros2_ws/install/owl_description/share/owl_description//meshes/6.5/collision/gripper/spring_loaded/base_link.STL
[6.790s] -- Up-to-date symlink: /root/ros2_ws/install/owl_description/share/owl_description//meshes/6.5/collision/holder/ARUCO_HOLDER.STL
[6.791s] -- Up-to-date symlink: /root/ros2_ws/install/owl_description/share/owl_description//meshes/6.5/collision/holder/Camera_Ur5e_gripper_Mount_Disc.STL
[6.791s] -- Up-to-date symlink: /root/ros2_ws/install/owl_description/share/owl_description//meshes/6.5/collision/holder/MOUNT.STL
[6.792s] -- Up-to-date symlink: /root/ros2_ws/install/owl_description/share/owl_description//meshes/6.5/collision/owl_robot/base_link.stl
[6.792s] -- Up-to-date symlink: /root/ros2_ws/install/owl_description/share/owl_description//meshes/6.5/collision/owl_robot/elbow_link.stl
[6.793s] -- Up-to-date symlink: /root/ros2_ws/install/owl_description/share/owl_description//meshes/6.5/collision/owl_robot/end_effector_link.stl
[6.793s] -- Up-to-date symlink: /root/ros2_ws/install/owl_description/share/owl_description//meshes/6.5/collision/owl_robot/link1.stl
[6.794s] -- Up-to-date symlink: /root/ros2_ws/install/owl_description/share/owl_description//meshes/6.5/collision/owl_robot/link2.stl
[6.795s] -- Up-to-date symlink: /root/ros2_ws/install/owl_description/share/owl_description//meshes/6.5/collision/owl_robot/shoulder_link.stl
[6.795s] -- Up-to-date symlink: /root/ros2_ws/install/owl_description/share/owl_description//meshes/6.5/collision/owl_robot/w2w3_link.stl
[6.796s] -- Up-to-date symlink: /root/ros2_ws/install/owl_description/share/owl_description//meshes/6.5/visual/camera/d415/d415.stl
[6.796s] -- Up-to-date symlink: /root/ros2_ws/install/owl_description/share/owl_description//meshes/6.5/visual/camera/d435/d435.dae
[6.797s] -- Up-to-date symlink: /root/ros2_ws/install/owl_description/share/owl_description//meshes/6.5/visual/camera/d435/d435.stl
[6.797s] -- Up-to-date symlink: /root/ros2_ws/install/owl_description/share/owl_description//meshes/6.5/visual/camera_stand/camera_stand/camera_stand.STL
[6.798s] -- Up-to-date symlink: /root/ros2_ws/install/owl_description/share/owl_description//meshes/6.5/visual/camera_stand/robogpt_stand/robogpt_setup.png
[6.798s] -- Up-to-date symlink: /root/ros2_ws/install/owl_description/share/owl_description//meshes/6.5/visual/camera_stand/robogpt_stand/robogpt_stand.stl
[6.799s] -- Up-to-date symlink: /root/ros2_ws/install/owl_description/share/owl_description//meshes/6.5/visual/gripper/pneumatic/ANG_GRIPPER.STL
[6.799s] -- Up-to-date symlink: /root/ros2_ws/install/owl_description/share/owl_description//meshes/6.5/visual/gripper/robotiq/collision/kinova_robotiq_coupler.stl
[6.800s] -- Up-to-date symlink: /root/ros2_ws/install/owl_description/share/owl_description//meshes/6.5/visual/gripper/robotiq/collision/robotiq_85_base_link.stl
[6.800s] -- Up-to-date symlink: /root/ros2_ws/install/owl_description/share/owl_description//meshes/6.5/visual/gripper/robotiq/collision/robotiq_85_finger_link.stl
[6.801s] -- Up-to-date symlink: /root/ros2_ws/install/owl_description/share/owl_description//meshes/6.5/visual/gripper/robotiq/collision/robotiq_85_finger_tip_link.stl
[6.802s] -- Up-to-date symlink: /root/ros2_ws/install/owl_description/share/owl_description//meshes/6.5/visual/gripper/robotiq/collision/robotiq_85_inner_knuckle_link.stl
[6.802s] -- Up-to-date symlink: /root/ros2_ws/install/owl_description/share/owl_description//meshes/6.5/visual/gripper/robotiq/collision/robotiq_85_knuckle_link.stl
[6.803s] -- Up-to-date symlink: /root/ros2_ws/install/owl_description/share/owl_description//meshes/6.5/visual/gripper/robotiq/visual/kinova_robotiq_coupler.dae
[6.804s] -- Up-to-date symlink: /root/ros2_ws/install/owl_description/share/owl_description//meshes/6.5/visual/gripper/robotiq/visual/robotiq_85_base_link.dae
[6.805s] -- Up-to-date symlink: /root/ros2_ws/install/owl_description/share/owl_description//meshes/6.5/visual/gripper/robotiq/visual/robotiq_85_finger_link.dae
[6.806s] -- Up-to-date symlink: /root/ros2_ws/install/owl_description/share/owl_description//meshes/6.5/visual/gripper/robotiq/visual/robotiq_85_finger_tip_link.dae
[6.808s] -- Up-to-date symlink: /root/ros2_ws/install/owl_description/share/owl_description//meshes/6.5/visual/gripper/robotiq/visual/robotiq_85_inner_knuckle_link.dae
[6.809s] -- Up-to-date symlink: /root/ros2_ws/install/owl_description/share/owl_description//meshes/6.5/visual/gripper/robotiq/visual/robotiq_85_knuckle_link.dae
[6.809s] -- Up-to-date symlink: /root/ros2_ws/install/owl_description/share/owl_description//meshes/6.5/visual/gripper/spring_loaded/base_link.STL
[6.809s] -- Up-to-date symlink: /root/ros2_ws/install/owl_description/share/owl_description//meshes/6.5/visual/holder/ARUCO_HOLDER.STL
[6.810s] -- Up-to-date symlink: /root/ros2_ws/install/owl_description/share/owl_description//meshes/6.5/visual/holder/Camera_Ur5e_gripper_Mount_Disc.STL
[6.810s] -- Up-to-date symlink: /root/ros2_ws/install/owl_description/share/owl_description//meshes/6.5/visual/holder/MOUNT.STL
[6.810s] -- Up-to-date symlink: /root/ros2_ws/install/owl_description/share/owl_description//meshes/6.5/visual/owl_robot/base_link.stl
[6.811s] -- Up-to-date symlink: /root/ros2_ws/install/owl_description/share/owl_description//meshes/6.5/visual/owl_robot/elbow_link.stl
[6.811s] -- Up-to-date symlink: /root/ros2_ws/install/owl_description/share/owl_description//meshes/6.5/visual/owl_robot/end_effector_link.stl
[6.812s] -- Up-to-date symlink: /root/ros2_ws/install/owl_description/share/owl_description//meshes/6.5/visual/owl_robot/link1.stl
[6.812s] -- Up-to-date symlink: /root/ros2_ws/install/owl_description/share/owl_description//meshes/6.5/visual/owl_robot/link2.stl
[6.812s] -- Up-to-date symlink: /root/ros2_ws/install/owl_description/share/owl_description//meshes/6.5/visual/owl_robot/shoulder_link.stl
[6.813s] -- Up-to-date symlink: /root/ros2_ws/install/owl_description/share/owl_description//meshes/6.5/visual/owl_robot/w2w3_link.stl
[6.813s] -- Up-to-date symlink: /root/ros2_ws/install/owl_description/share/owl_description//meshes/grippers/pneumatic/pneumatic.stl
[6.814s] -- Up-to-date symlink: /root/ros2_ws/install/owl_description/share/owl_description//meshes/grippers/robotiq2f85/collision/kinova_robotiq_coupler.stl
[6.815s] -- Up-to-date symlink: /root/ros2_ws/install/owl_description/share/owl_description//meshes/grippers/robotiq2f85/collision/robotiq_85_base_link.stl
[6.815s] -- Up-to-date symlink: /root/ros2_ws/install/owl_description/share/owl_description//meshes/grippers/robotiq2f85/collision/robotiq_85_finger_link.stl
[6.816s] -- Up-to-date symlink: /root/ros2_ws/install/owl_description/share/owl_description//meshes/grippers/robotiq2f85/collision/robotiq_85_finger_tip_link.stl
[6.816s] -- Up-to-date symlink: /root/ros2_ws/install/owl_description/share/owl_description//meshes/grippers/robotiq2f85/collision/robotiq_85_inner_knuckle_link.stl
[6.817s] -- Up-to-date symlink: /root/ros2_ws/install/owl_description/share/owl_description//meshes/grippers/robotiq2f85/collision/robotiq_85_knuckle_link.stl
[6.817s] -- Up-to-date symlink: /root/ros2_ws/install/owl_description/share/owl_description//meshes/grippers/robotiq2f85/visual/kinova_robotiq_coupler.dae
[6.817s] -- Up-to-date symlink: /root/ros2_ws/install/owl_description/share/owl_description//meshes/grippers/robotiq2f85/visual/robotiq_85_base_link.dae
[6.818s] -- Up-to-date symlink: /root/ros2_ws/install/owl_description/share/owl_description//meshes/grippers/robotiq2f85/visual/robotiq_85_finger_link.dae
[6.818s] -- Up-to-date symlink: /root/ros2_ws/install/owl_description/share/owl_description//meshes/grippers/robotiq2f85/visual/robotiq_85_finger_tip_link.dae
[6.819s] -- Up-to-date symlink: /root/ros2_ws/install/owl_description/share/owl_description//meshes/grippers/robotiq2f85/visual/robotiq_85_inner_knuckle_link.dae
[6.819s] -- Up-to-date symlink: /root/ros2_ws/install/owl_description/share/owl_description//meshes/grippers/robotiq2f85/visual/robotiq_85_knuckle_link.dae
[6.819s] -- Up-to-date symlink: /root/ros2_ws/install/owl_description/share/owl_description//meshes/grippers/vacuum/base_link.stl
[6.820s] -- Up-to-date symlink: /root/ros2_ws/install/owl_description/share/owl_description//env_hooks/owl_description.sh.in
[6.820s] -- Up-to-date symlink: /root/ros2_ws/install/owl_description/share/owl_description/environment/owl_description.sh
[6.821s] -- Up-to-date symlink: /root/ros2_ws/install/owl_description/share/ament_index/resource_index/package_run_dependencies/owl_description
[6.821s] -- Up-to-date symlink: /root/ros2_ws/install/owl_description/share/ament_index/resource_index/parent_prefix_path/owl_description
[6.821s] -- Up-to-date symlink: /root/ros2_ws/install/owl_description/share/owl_description/environment/ament_prefix_path.sh
[6.821s] -- Up-to-date symlink: /root/ros2_ws/install/owl_description/share/owl_description/environment/ament_prefix_path.dsv
[6.821s] -- Up-to-date symlink: /root/ros2_ws/install/owl_description/share/owl_description/environment/path.sh
[6.822s] -- Up-to-date symlink: /root/ros2_ws/install/owl_description/share/owl_description/environment/path.dsv
[6.822s] -- Up-to-date symlink: /root/ros2_ws/install/owl_description/share/owl_description/local_setup.bash
[6.822s] -- Up-to-date symlink: /root/ros2_ws/install/owl_description/share/owl_description/local_setup.sh
[6.822s] -- Up-to-date symlink: /root/ros2_ws/install/owl_description/share/owl_description/local_setup.zsh
[6.822s] -- Up-to-date symlink: /root/ros2_ws/install/owl_description/share/owl_description/local_setup.dsv
[6.822s] -- Symlinking: /root/ros2_ws/install/owl_description/share/owl_description/package.dsv
[6.842s] -- Up-to-date symlink: /root/ros2_ws/install/owl_description/share/ament_index/resource_index/packages/owl_description
[6.842s] -- Up-to-date symlink: /root/ros2_ws/install/owl_description/share/owl_description/cmake/owl_descriptionConfig.cmake
[6.842s] -- Up-to-date symlink: /root/ros2_ws/install/owl_description/share/owl_description/cmake/owl_descriptionConfig-version.cmake
[6.843s] -- Up-to-date symlink: /root/ros2_ws/install/owl_description/share/owl_description/package.xml
[6.847s] Invoked command in '/root/ros2_ws/build/owl_description' returned '0': CMAKE_PREFIX_PATH=${CMAKE_PREFIX_PATH}:/opt/ros/humble /usr/bin/cmake --install /root/ros2_ws/build/owl_description
