[0.267s] DEBUG:colcon:Command line arguments: ['/usr/bin/colcon', 'build', '--symlink-install']
[0.267s] DEBUG:colcon:Parsed command line arguments: Namespace(log_base=None, log_level=None, verb_name='build', build_base='build', install_base='install', merge_install=False, symlink_install=True, test_result_base=None, continue_on_error=False, executor='parallel', parallel_workers=8, event_handlers=None, ignore_user_meta=False, metas=['./colcon.meta'], base_paths=['.'], packages_ignore=None, packages_ignore_regex=None, paths=None, packages_up_to=None, packages_up_to_regex=None, packages_above=None, packages_above_and_dependencies=None, packages_above_depth=None, packages_select_by_dep=None, packages_skip_by_dep=None, packages_skip_up_to=None, packages_select_build_failed=False, packages_skip_build_finished=False, packages_select_test_failures=False, packages_skip_test_passed=False, packages_select=None, packages_skip=None, packages_select_regex=None, packages_skip_regex=None, packages_start=None, packages_end=None, allow_overriding=[], cmake_args=None, cmake_target=None, cmake_target_skip_unavailable=False, cmake_clean_cache=False, cmake_clean_first=False, cmake_force_configure=False, ament_cmake_args=None, catkin_cmake_args=None, catkin_skip_building_tests=False, mixin_files=None, mixin=None, verb_parser=<colcon_mixin.mixin.mixin_argument.MixinArgumentDecorator object at 0x74c018767250>, verb_extension=<colcon_core.verb.build.BuildVerb object at 0x74c018766b60>, main=<bound method BuildVerb.main of <colcon_core.verb.build.BuildVerb object at 0x74c018766b60>>, mixin_verb=('build',))
[0.760s] Level 1:colcon.colcon_core.package_discovery:discover_packages(colcon_meta) check parameters
[0.761s] Level 1:colcon.colcon_core.package_discovery:discover_packages(recursive) check parameters
[0.761s] Level 1:colcon.colcon_core.package_discovery:discover_packages(ignore) check parameters
[0.761s] Level 1:colcon.colcon_core.package_discovery:discover_packages(path) check parameters
[0.761s] Level 1:colcon.colcon_core.package_discovery:discover_packages(colcon_meta) discover
[0.761s] Level 1:colcon.colcon_core.package_discovery:discover_packages(recursive) discover
[0.761s] INFO:colcon.colcon_core.package_discovery:Crawling recursively for packages in '/root/ros2_ws'
[0.761s] Level 1:colcon.colcon_core.package_identification:_identify(.) by extensions ['ignore', 'ignore_ament_install']
[0.762s] Level 1:colcon.colcon_core.package_identification:_identify(.) by extension 'ignore'
[0.762s] Level 1:colcon.colcon_core.package_identification:_identify(.) by extension 'ignore_ament_install'
[0.762s] Level 1:colcon.colcon_core.package_identification:_identify(.) by extensions ['colcon_pkg']
[0.762s] Level 1:colcon.colcon_core.package_identification:_identify(.) by extension 'colcon_pkg'
[0.762s] Level 1:colcon.colcon_core.package_identification:_identify(.) by extensions ['colcon_meta']
[0.762s] Level 1:colcon.colcon_core.package_identification:_identify(.) by extension 'colcon_meta'
[0.762s] Level 1:colcon.colcon_core.package_identification:_identify(.) by extensions ['ros']
[0.762s] Level 1:colcon.colcon_core.package_identification:_identify(.) by extension 'ros'
[0.801s] Level 1:colcon.colcon_core.package_identification:_identify(.) by extensions ['cmake', 'python']
[0.801s] Level 1:colcon.colcon_core.package_identification:_identify(.) by extension 'cmake'
[0.801s] Level 1:colcon.colcon_core.package_identification:_identify(.) by extension 'python'
[0.801s] Level 1:colcon.colcon_core.package_identification:_identify(.) by extensions ['python_setup_py']
[0.801s] Level 1:colcon.colcon_core.package_identification:_identify(.) by extension 'python_setup_py'
[0.802s] Level 1:colcon.colcon_core.package_identification:_identify(build) by extensions ['ignore', 'ignore_ament_install']
[0.802s] Level 1:colcon.colcon_core.package_identification:_identify(build) by extension 'ignore'
[0.802s] Level 1:colcon.colcon_core.package_identification:_identify(build) ignored
[0.802s] Level 1:colcon.colcon_core.package_identification:_identify(install) by extensions ['ignore', 'ignore_ament_install']
[0.802s] Level 1:colcon.colcon_core.package_identification:_identify(install) by extension 'ignore'
[0.803s] Level 1:colcon.colcon_core.package_identification:_identify(install) ignored
[0.803s] Level 1:colcon.colcon_core.package_identification:_identify(log) by extensions ['ignore', 'ignore_ament_install']
[0.803s] Level 1:colcon.colcon_core.package_identification:_identify(log) by extension 'ignore'
[0.803s] Level 1:colcon.colcon_core.package_identification:_identify(log) ignored
[0.803s] Level 1:colcon.colcon_core.package_identification:_identify(src) by extensions ['ignore', 'ignore_ament_install']
[0.803s] Level 1:colcon.colcon_core.package_identification:_identify(src) by extension 'ignore'
[0.804s] Level 1:colcon.colcon_core.package_identification:_identify(src) by extension 'ignore_ament_install'
[0.804s] Level 1:colcon.colcon_core.package_identification:_identify(src) by extensions ['colcon_pkg']
[0.804s] Level 1:colcon.colcon_core.package_identification:_identify(src) by extension 'colcon_pkg'
[0.804s] Level 1:colcon.colcon_core.package_identification:_identify(src) by extensions ['colcon_meta']
[0.804s] Level 1:colcon.colcon_core.package_identification:_identify(src) by extension 'colcon_meta'
[0.804s] Level 1:colcon.colcon_core.package_identification:_identify(src) by extensions ['ros']
[0.804s] Level 1:colcon.colcon_core.package_identification:_identify(src) by extension 'ros'
[0.804s] Level 1:colcon.colcon_core.package_identification:_identify(src) by extensions ['cmake', 'python']
[0.805s] Level 1:colcon.colcon_core.package_identification:_identify(src) by extension 'cmake'
[0.805s] Level 1:colcon.colcon_core.package_identification:_identify(src) by extension 'python'
[0.805s] Level 1:colcon.colcon_core.package_identification:_identify(src) by extensions ['python_setup_py']
[0.805s] Level 1:colcon.colcon_core.package_identification:_identify(src) by extension 'python_setup_py'
[0.806s] Level 1:colcon.colcon_core.package_identification:_identify(src/owl_description) by extensions ['ignore', 'ignore_ament_install']
[0.806s] Level 1:colcon.colcon_core.package_identification:_identify(src/owl_description) by extension 'ignore'
[0.807s] Level 1:colcon.colcon_core.package_identification:_identify(src/owl_description) by extension 'ignore_ament_install'
[0.807s] Level 1:colcon.colcon_core.package_identification:_identify(src/owl_description) by extensions ['colcon_pkg']
[0.807s] Level 1:colcon.colcon_core.package_identification:_identify(src/owl_description) by extension 'colcon_pkg'
[0.807s] Level 1:colcon.colcon_core.package_identification:_identify(src/owl_description) by extensions ['colcon_meta']
[0.807s] Level 1:colcon.colcon_core.package_identification:_identify(src/owl_description) by extension 'colcon_meta'
[0.807s] Level 1:colcon.colcon_core.package_identification:_identify(src/owl_description) by extensions ['ros']
[0.808s] Level 1:colcon.colcon_core.package_identification:_identify(src/owl_description) by extension 'ros'
[0.813s] DEBUG:colcon.colcon_core.package_identification:Package 'src/owl_description' with type 'ros.ament_cmake' and name 'owl_description'
[0.813s] Level 1:colcon.colcon_core.package_identification:_identify(src/owl_moveit_config) by extensions ['ignore', 'ignore_ament_install']
[0.814s] Level 1:colcon.colcon_core.package_identification:_identify(src/owl_moveit_config) by extension 'ignore'
[0.814s] Level 1:colcon.colcon_core.package_identification:_identify(src/owl_moveit_config) by extension 'ignore_ament_install'
[0.814s] Level 1:colcon.colcon_core.package_identification:_identify(src/owl_moveit_config) by extensions ['colcon_pkg']
[0.814s] Level 1:colcon.colcon_core.package_identification:_identify(src/owl_moveit_config) by extension 'colcon_pkg'
[0.814s] Level 1:colcon.colcon_core.package_identification:_identify(src/owl_moveit_config) by extensions ['colcon_meta']
[0.814s] Level 1:colcon.colcon_core.package_identification:_identify(src/owl_moveit_config) by extension 'colcon_meta'
[0.814s] Level 1:colcon.colcon_core.package_identification:_identify(src/owl_moveit_config) by extensions ['ros']
[0.814s] Level 1:colcon.colcon_core.package_identification:_identify(src/owl_moveit_config) by extension 'ros'
[0.816s] DEBUG:colcon.colcon_core.package_identification:Package 'src/owl_moveit_config' with type 'ros.ament_cmake' and name 'owl_moveit_config'
[0.816s] Level 1:colcon.colcon_core.package_discovery:discover_packages(recursive) using defaults
[0.816s] Level 1:colcon.colcon_core.package_discovery:discover_packages(ignore) discover
[0.817s] Level 1:colcon.colcon_core.package_discovery:discover_packages(ignore) using defaults
[0.817s] Level 1:colcon.colcon_core.package_discovery:discover_packages(path) discover
[0.817s] Level 1:colcon.colcon_core.package_discovery:discover_packages(path) using defaults
[0.860s] Level 1:colcon.colcon_core.package_discovery:discover_packages(prefix_path) check parameters
[0.860s] Level 1:colcon.colcon_core.package_discovery:discover_packages(prefix_path) discover
[0.866s] DEBUG:colcon.colcon_installed_package_information.package_discovery:Found 2 installed packages in /root/ros2_ws/install
[0.870s] DEBUG:colcon.colcon_installed_package_information.package_discovery:Found 417 installed packages in /opt/ros/humble
[0.877s] Level 1:colcon.colcon_core.package_discovery:discover_packages(prefix_path) using defaults
[1.018s] Level 5:colcon.colcon_core.verb:set package 'owl_description' build argument 'cmake_args' from command line to 'None'
[1.018s] Level 5:colcon.colcon_core.verb:set package 'owl_description' build argument 'cmake_target' from command line to 'None'
[1.018s] Level 5:colcon.colcon_core.verb:set package 'owl_description' build argument 'cmake_target_skip_unavailable' from command line to 'False'
[1.018s] Level 5:colcon.colcon_core.verb:set package 'owl_description' build argument 'cmake_clean_cache' from command line to 'False'
[1.018s] Level 5:colcon.colcon_core.verb:set package 'owl_description' build argument 'cmake_clean_first' from command line to 'False'
[1.019s] Level 5:colcon.colcon_core.verb:set package 'owl_description' build argument 'cmake_force_configure' from command line to 'False'
[1.019s] Level 5:colcon.colcon_core.verb:set package 'owl_description' build argument 'ament_cmake_args' from command line to 'None'
[1.019s] Level 5:colcon.colcon_core.verb:set package 'owl_description' build argument 'catkin_cmake_args' from command line to 'None'
[1.019s] Level 5:colcon.colcon_core.verb:set package 'owl_description' build argument 'catkin_skip_building_tests' from command line to 'False'
[1.019s] DEBUG:colcon.colcon_core.verb:Building package 'owl_description' with the following arguments: {'ament_cmake_args': None, 'build_base': '/root/ros2_ws/build/owl_description', 'catkin_cmake_args': None, 'catkin_skip_building_tests': False, 'cmake_args': None, 'cmake_clean_cache': False, 'cmake_clean_first': False, 'cmake_force_configure': False, 'cmake_target': None, 'cmake_target_skip_unavailable': False, 'install_base': '/root/ros2_ws/install/owl_description', 'merge_install': False, 'path': '/root/ros2_ws/src/owl_description', 'symlink_install': True, 'test_result_base': None}
[1.020s] Level 5:colcon.colcon_core.verb:set package 'owl_moveit_config' build argument 'cmake_args' from command line to 'None'
[1.020s] Level 5:colcon.colcon_core.verb:set package 'owl_moveit_config' build argument 'cmake_target' from command line to 'None'
[1.020s] Level 5:colcon.colcon_core.verb:set package 'owl_moveit_config' build argument 'cmake_target_skip_unavailable' from command line to 'False'
[1.020s] Level 5:colcon.colcon_core.verb:set package 'owl_moveit_config' build argument 'cmake_clean_cache' from command line to 'False'
[1.020s] Level 5:colcon.colcon_core.verb:set package 'owl_moveit_config' build argument 'cmake_clean_first' from command line to 'False'
[1.020s] Level 5:colcon.colcon_core.verb:set package 'owl_moveit_config' build argument 'cmake_force_configure' from command line to 'False'
[1.020s] Level 5:colcon.colcon_core.verb:set package 'owl_moveit_config' build argument 'ament_cmake_args' from command line to 'None'
[1.020s] Level 5:colcon.colcon_core.verb:set package 'owl_moveit_config' build argument 'catkin_cmake_args' from command line to 'None'
[1.020s] Level 5:colcon.colcon_core.verb:set package 'owl_moveit_config' build argument 'catkin_skip_building_tests' from command line to 'False'
[1.020s] DEBUG:colcon.colcon_core.verb:Building package 'owl_moveit_config' with the following arguments: {'ament_cmake_args': None, 'build_base': '/root/ros2_ws/build/owl_moveit_config', 'catkin_cmake_args': None, 'catkin_skip_building_tests': False, 'cmake_args': None, 'cmake_clean_cache': False, 'cmake_clean_first': False, 'cmake_force_configure': False, 'cmake_target': None, 'cmake_target_skip_unavailable': False, 'install_base': '/root/ros2_ws/install/owl_moveit_config', 'merge_install': False, 'path': '/root/ros2_ws/src/owl_moveit_config', 'symlink_install': True, 'test_result_base': None}
[1.021s] INFO:colcon.colcon_core.executor:Executing jobs using 'parallel' executor
[1.023s] DEBUG:colcon.colcon_parallel_executor.executor.parallel:run_until_complete
[1.024s] INFO:colcon.colcon_ros.task.ament_cmake.build:Building ROS package in '/root/ros2_ws/src/owl_description' with build type 'ament_cmake'
[1.024s] INFO:colcon.colcon_cmake.task.cmake.build:Building CMake package in '/root/ros2_ws/src/owl_description'
[1.030s] INFO:colcon.colcon_core.plugin_system:Skipping extension 'colcon_core.shell.bat': Not used on non-Windows systems
[1.031s] INFO:colcon.colcon_core.shell:Skip shell extension 'powershell' for command environment: Not usable outside of PowerShell
[1.031s] DEBUG:colcon.colcon_core.shell:Skip shell extension 'dsv' for command environment
[1.054s] DEBUG:colcon.colcon_core.event_handler.log_command:Invoking command in '/root/ros2_ws/build/owl_description': CMAKE_PREFIX_PATH=${CMAKE_PREFIX_PATH}:/opt/ros/humble /usr/bin/cmake /root/ros2_ws/src/owl_description -DAMENT_CMAKE_SYMLINK_INSTALL=1 -DCMAKE_INSTALL_PREFIX=/root/ros2_ws/install/owl_description
[6.574s] DEBUG:colcon.colcon_core.event_handler.log_command:Invoked command in '/root/ros2_ws/build/owl_description' returned '0': CMAKE_PREFIX_PATH=${CMAKE_PREFIX_PATH}:/opt/ros/humble /usr/bin/cmake /root/ros2_ws/src/owl_description -DAMENT_CMAKE_SYMLINK_INSTALL=1 -DCMAKE_INSTALL_PREFIX=/root/ros2_ws/install/owl_description
[6.579s] DEBUG:colcon.colcon_core.event_handler.log_command:Invoking command in '/root/ros2_ws/build/owl_description': CMAKE_PREFIX_PATH=${CMAKE_PREFIX_PATH}:/opt/ros/humble /usr/bin/cmake --build /root/ros2_ws/build/owl_description -- -j8 -l8
[6.655s] DEBUG:colcon.colcon_core.event_handler.log_command:Invoked command in '/root/ros2_ws/build/owl_description' returned '0': CMAKE_PREFIX_PATH=${CMAKE_PREFIX_PATH}:/opt/ros/humble /usr/bin/cmake --build /root/ros2_ws/build/owl_description -- -j8 -l8
[6.676s] DEBUG:colcon.colcon_core.event_handler.log_command:Invoking command in '/root/ros2_ws/build/owl_description': CMAKE_PREFIX_PATH=${CMAKE_PREFIX_PATH}:/opt/ros/humble /usr/bin/cmake --install /root/ros2_ws/build/owl_description
[6.765s] Level 1:colcon.colcon_core.environment:create_environment_scripts_only(owl_description)
[6.767s] DEBUG:colcon.colcon_core.event_handler.log_command:Invoked command in '/root/ros2_ws/build/owl_description' returned '0': CMAKE_PREFIX_PATH=${CMAKE_PREFIX_PATH}:/opt/ros/humble /usr/bin/cmake --install /root/ros2_ws/build/owl_description
[6.773s] Level 1:colcon.colcon_core.environment:checking '/root/ros2_ws/install/owl_description' for CMake module files
[6.774s] Level 1:colcon.colcon_core.environment:checking '/root/ros2_ws/install/owl_description' for CMake config files
[6.778s] Level 1:colcon.colcon_core.shell:create_environment_hook('owl_description', 'cmake_prefix_path')
[6.778s] INFO:colcon.colcon_core.shell:Creating environment hook '/root/ros2_ws/install/owl_description/share/owl_description/hook/cmake_prefix_path.ps1'
[6.779s] INFO:colcon.colcon_core.shell:Creating environment descriptor '/root/ros2_ws/install/owl_description/share/owl_description/hook/cmake_prefix_path.dsv'
[6.780s] INFO:colcon.colcon_core.shell:Creating environment hook '/root/ros2_ws/install/owl_description/share/owl_description/hook/cmake_prefix_path.sh'
[6.782s] Level 1:colcon.colcon_core.environment:checking '/root/ros2_ws/install/owl_description/bin'
[6.782s] Level 1:colcon.colcon_core.environment:checking '/root/ros2_ws/install/owl_description/lib/pkgconfig/owl_description.pc'
[6.783s] Level 1:colcon.colcon_core.environment:checking '/root/ros2_ws/install/owl_description/lib/python3.10/site-packages'
[6.783s] Level 1:colcon.colcon_core.environment:checking '/root/ros2_ws/install/owl_description/bin'
[6.784s] INFO:colcon.colcon_core.shell:Creating package script '/root/ros2_ws/install/owl_description/share/owl_description/package.ps1'
[6.785s] INFO:colcon.colcon_core.shell:Creating package descriptor '/root/ros2_ws/install/owl_description/share/owl_description/package.dsv'
[6.787s] INFO:colcon.colcon_core.shell:Creating package script '/root/ros2_ws/install/owl_description/share/owl_description/package.sh'
[6.788s] INFO:colcon.colcon_core.shell:Creating package script '/root/ros2_ws/install/owl_description/share/owl_description/package.bash'
[6.790s] INFO:colcon.colcon_core.shell:Creating package script '/root/ros2_ws/install/owl_description/share/owl_description/package.zsh'
[6.792s] Level 1:colcon.colcon_core.environment:create_file_with_runtime_dependencies(/root/ros2_ws/install/owl_description/share/colcon-core/packages/owl_description)
[6.793s] Level 1:colcon.colcon_core.environment:create_environment_scripts_only(owl_description)
[6.794s] Level 1:colcon.colcon_core.environment:checking '/root/ros2_ws/install/owl_description' for CMake module files
[6.795s] Level 1:colcon.colcon_core.environment:checking '/root/ros2_ws/install/owl_description' for CMake config files
[6.799s] Level 1:colcon.colcon_core.shell:create_environment_hook('owl_description', 'cmake_prefix_path')
[6.799s] INFO:colcon.colcon_core.shell:Creating environment hook '/root/ros2_ws/install/owl_description/share/owl_description/hook/cmake_prefix_path.ps1'
[6.801s] INFO:colcon.colcon_core.shell:Creating environment descriptor '/root/ros2_ws/install/owl_description/share/owl_description/hook/cmake_prefix_path.dsv'
[6.803s] INFO:colcon.colcon_core.shell:Creating environment hook '/root/ros2_ws/install/owl_description/share/owl_description/hook/cmake_prefix_path.sh'
[6.804s] Level 1:colcon.colcon_core.environment:checking '/root/ros2_ws/install/owl_description/bin'
[6.805s] Level 1:colcon.colcon_core.environment:checking '/root/ros2_ws/install/owl_description/lib/pkgconfig/owl_description.pc'
[6.805s] Level 1:colcon.colcon_core.environment:checking '/root/ros2_ws/install/owl_description/lib/python3.10/site-packages'
[6.806s] Level 1:colcon.colcon_core.environment:checking '/root/ros2_ws/install/owl_description/bin'
[6.807s] INFO:colcon.colcon_core.shell:Creating package script '/root/ros2_ws/install/owl_description/share/owl_description/package.ps1'
[6.808s] INFO:colcon.colcon_core.shell:Creating package descriptor '/root/ros2_ws/install/owl_description/share/owl_description/package.dsv'
[6.809s] INFO:colcon.colcon_core.shell:Creating package script '/root/ros2_ws/install/owl_description/share/owl_description/package.sh'
[6.810s] INFO:colcon.colcon_core.shell:Creating package script '/root/ros2_ws/install/owl_description/share/owl_description/package.bash'
[6.811s] INFO:colcon.colcon_core.shell:Creating package script '/root/ros2_ws/install/owl_description/share/owl_description/package.zsh'
[6.813s] Level 1:colcon.colcon_core.environment:create_file_with_runtime_dependencies(/root/ros2_ws/install/owl_description/share/colcon-core/packages/owl_description)
[6.814s] INFO:colcon.colcon_ros.task.ament_cmake.build:Building ROS package in '/root/ros2_ws/src/owl_moveit_config' with build type 'ament_cmake'
[6.815s] INFO:colcon.colcon_cmake.task.cmake.build:Building CMake package in '/root/ros2_ws/src/owl_moveit_config'
[6.816s] INFO:colcon.colcon_core.shell:Skip shell extension 'powershell' for command environment: Not usable outside of PowerShell
[6.816s] DEBUG:colcon.colcon_core.shell:Skip shell extension 'dsv' for command environment
[6.861s] DEBUG:colcon.colcon_core.event_handler.log_command:Invoking command in '/root/ros2_ws/build/owl_moveit_config': CMAKE_PREFIX_PATH=/root/ros2_ws/install/owl_description:/root/ros2_ws/install/owl_moveit_config:/opt/ros/humble /usr/bin/cmake /root/ros2_ws/src/owl_moveit_config -DAMENT_CMAKE_SYMLINK_INSTALL=1 -DCMAKE_INSTALL_PREFIX=/root/ros2_ws/install/owl_moveit_config
[7.432s] DEBUG:colcon.colcon_core.event_handler.log_command:Invoked command in '/root/ros2_ws/build/owl_moveit_config' returned '0': CMAKE_PREFIX_PATH=/root/ros2_ws/install/owl_description:/root/ros2_ws/install/owl_moveit_config:/opt/ros/humble /usr/bin/cmake /root/ros2_ws/src/owl_moveit_config -DAMENT_CMAKE_SYMLINK_INSTALL=1 -DCMAKE_INSTALL_PREFIX=/root/ros2_ws/install/owl_moveit_config
[7.439s] DEBUG:colcon.colcon_core.event_handler.log_command:Invoking command in '/root/ros2_ws/build/owl_moveit_config': CMAKE_PREFIX_PATH=/root/ros2_ws/install/owl_description:/root/ros2_ws/install/owl_moveit_config:/opt/ros/humble /usr/bin/cmake --build /root/ros2_ws/build/owl_moveit_config -- -j8 -l8
[7.519s] DEBUG:colcon.colcon_core.event_handler.log_command:Invoked command in '/root/ros2_ws/build/owl_moveit_config' returned '0': CMAKE_PREFIX_PATH=/root/ros2_ws/install/owl_description:/root/ros2_ws/install/owl_moveit_config:/opt/ros/humble /usr/bin/cmake --build /root/ros2_ws/build/owl_moveit_config -- -j8 -l8
[7.524s] DEBUG:colcon.colcon_core.event_handler.log_command:Invoking command in '/root/ros2_ws/build/owl_moveit_config': CMAKE_PREFIX_PATH=/root/ros2_ws/install/owl_description:/root/ros2_ws/install/owl_moveit_config:/opt/ros/humble /usr/bin/cmake --install /root/ros2_ws/build/owl_moveit_config
[7.581s] Level 1:colcon.colcon_core.environment:create_environment_scripts_only(owl_moveit_config)
[7.582s] Level 1:colcon.colcon_core.environment:checking '/root/ros2_ws/install/owl_moveit_config' for CMake module files
[7.584s] DEBUG:colcon.colcon_core.event_handler.log_command:Invoked command in '/root/ros2_ws/build/owl_moveit_config' returned '0': CMAKE_PREFIX_PATH=/root/ros2_ws/install/owl_description:/root/ros2_ws/install/owl_moveit_config:/opt/ros/humble /usr/bin/cmake --install /root/ros2_ws/build/owl_moveit_config
[7.585s] Level 1:colcon.colcon_core.environment:checking '/root/ros2_ws/install/owl_moveit_config' for CMake config files
[7.587s] Level 1:colcon.colcon_core.shell:create_environment_hook('owl_moveit_config', 'cmake_prefix_path')
[7.588s] INFO:colcon.colcon_core.shell:Creating environment hook '/root/ros2_ws/install/owl_moveit_config/share/owl_moveit_config/hook/cmake_prefix_path.ps1'
[7.589s] INFO:colcon.colcon_core.shell:Creating environment descriptor '/root/ros2_ws/install/owl_moveit_config/share/owl_moveit_config/hook/cmake_prefix_path.dsv'
[7.591s] INFO:colcon.colcon_core.shell:Creating environment hook '/root/ros2_ws/install/owl_moveit_config/share/owl_moveit_config/hook/cmake_prefix_path.sh'
[7.592s] Level 1:colcon.colcon_core.environment:checking '/root/ros2_ws/install/owl_moveit_config/bin'
[7.592s] Level 1:colcon.colcon_core.environment:checking '/root/ros2_ws/install/owl_moveit_config/lib/pkgconfig/owl_moveit_config.pc'
[7.593s] Level 1:colcon.colcon_core.environment:checking '/root/ros2_ws/install/owl_moveit_config/lib/python3.10/site-packages'
[7.594s] Level 1:colcon.colcon_core.environment:checking '/root/ros2_ws/install/owl_moveit_config/bin'
[7.595s] INFO:colcon.colcon_core.shell:Creating package script '/root/ros2_ws/install/owl_moveit_config/share/owl_moveit_config/package.ps1'
[7.596s] INFO:colcon.colcon_core.shell:Creating package descriptor '/root/ros2_ws/install/owl_moveit_config/share/owl_moveit_config/package.dsv'
[7.598s] INFO:colcon.colcon_core.shell:Creating package script '/root/ros2_ws/install/owl_moveit_config/share/owl_moveit_config/package.sh'
[7.599s] INFO:colcon.colcon_core.shell:Creating package script '/root/ros2_ws/install/owl_moveit_config/share/owl_moveit_config/package.bash'
[7.600s] INFO:colcon.colcon_core.shell:Creating package script '/root/ros2_ws/install/owl_moveit_config/share/owl_moveit_config/package.zsh'
[7.602s] Level 1:colcon.colcon_core.environment:create_file_with_runtime_dependencies(/root/ros2_ws/install/owl_moveit_config/share/colcon-core/packages/owl_moveit_config)
[7.605s] Level 1:colcon.colcon_core.environment:create_environment_scripts_only(owl_moveit_config)
[7.605s] Level 1:colcon.colcon_core.environment:checking '/root/ros2_ws/install/owl_moveit_config' for CMake module files
[7.606s] Level 1:colcon.colcon_core.environment:checking '/root/ros2_ws/install/owl_moveit_config' for CMake config files
[7.607s] Level 1:colcon.colcon_core.shell:create_environment_hook('owl_moveit_config', 'cmake_prefix_path')
[7.608s] INFO:colcon.colcon_core.shell:Creating environment hook '/root/ros2_ws/install/owl_moveit_config/share/owl_moveit_config/hook/cmake_prefix_path.ps1'
[7.610s] INFO:colcon.colcon_core.shell:Creating environment descriptor '/root/ros2_ws/install/owl_moveit_config/share/owl_moveit_config/hook/cmake_prefix_path.dsv'
[7.611s] INFO:colcon.colcon_core.shell:Creating environment hook '/root/ros2_ws/install/owl_moveit_config/share/owl_moveit_config/hook/cmake_prefix_path.sh'
[7.612s] Level 1:colcon.colcon_core.environment:checking '/root/ros2_ws/install/owl_moveit_config/bin'
[7.613s] Level 1:colcon.colcon_core.environment:checking '/root/ros2_ws/install/owl_moveit_config/lib/pkgconfig/owl_moveit_config.pc'
[7.613s] Level 1:colcon.colcon_core.environment:checking '/root/ros2_ws/install/owl_moveit_config/lib/python3.10/site-packages'
[7.613s] Level 1:colcon.colcon_core.environment:checking '/root/ros2_ws/install/owl_moveit_config/bin'
[7.614s] INFO:colcon.colcon_core.shell:Creating package script '/root/ros2_ws/install/owl_moveit_config/share/owl_moveit_config/package.ps1'
[7.616s] INFO:colcon.colcon_core.shell:Creating package descriptor '/root/ros2_ws/install/owl_moveit_config/share/owl_moveit_config/package.dsv'
[7.617s] INFO:colcon.colcon_core.shell:Creating package script '/root/ros2_ws/install/owl_moveit_config/share/owl_moveit_config/package.sh'
[7.619s] INFO:colcon.colcon_core.shell:Creating package script '/root/ros2_ws/install/owl_moveit_config/share/owl_moveit_config/package.bash'
[7.620s] INFO:colcon.colcon_core.shell:Creating package script '/root/ros2_ws/install/owl_moveit_config/share/owl_moveit_config/package.zsh'
[7.622s] Level 1:colcon.colcon_core.environment:create_file_with_runtime_dependencies(/root/ros2_ws/install/owl_moveit_config/share/colcon-core/packages/owl_moveit_config)
[7.623s] DEBUG:colcon.colcon_parallel_executor.executor.parallel:closing loop
[7.624s] DEBUG:colcon.colcon_parallel_executor.executor.parallel:loop closed
[7.625s] DEBUG:colcon.colcon_parallel_executor.executor.parallel:run_until_complete finished with '0'
[7.625s] DEBUG:colcon.colcon_core.event_reactor:joining thread
[7.661s] INFO:colcon.colcon_core.plugin_system:Skipping extension 'colcon_notification.desktop_notification.notify_send': Could not find 'notify-send'
[7.662s] INFO:colcon.colcon_core.plugin_system:Skipping extension 'colcon_notification.desktop_notification.terminal_notifier': Not used on non-Darwin systems
[7.662s] INFO:colcon.colcon_core.plugin_system:Skipping extension 'colcon_notification.desktop_notification.win32': Not used on non-Windows systems
[7.662s] INFO:colcon.colcon_notification.desktop_notification:Sending desktop notification using 'notify2'
[7.664s] DEBUG:colcon.colcon_notification.desktop_notification.notify2:Failed to initialize notify2: org.freedesktop.DBus.Error.ServiceUnknown: The name org.freedesktop.Notifications was not provided by any .service files
[7.665s] DEBUG:colcon.colcon_core.event_reactor:joined thread
[7.665s] INFO:colcon.colcon_core.shell:Creating prefix script '/root/ros2_ws/install/local_setup.ps1'
[7.668s] INFO:colcon.colcon_core.shell:Creating prefix util module '/root/ros2_ws/install/_local_setup_util_ps1.py'
[7.671s] INFO:colcon.colcon_core.shell:Creating prefix chain script '/root/ros2_ws/install/setup.ps1'
[7.674s] INFO:colcon.colcon_core.shell:Creating prefix script '/root/ros2_ws/install/local_setup.sh'
[7.675s] INFO:colcon.colcon_core.shell:Creating prefix util module '/root/ros2_ws/install/_local_setup_util_sh.py'
[7.676s] INFO:colcon.colcon_core.shell:Creating prefix chain script '/root/ros2_ws/install/setup.sh'
[7.679s] INFO:colcon.colcon_core.shell:Creating prefix script '/root/ros2_ws/install/local_setup.bash'
[7.681s] INFO:colcon.colcon_core.shell:Creating prefix chain script '/root/ros2_ws/install/setup.bash'
[7.683s] INFO:colcon.colcon_core.shell:Creating prefix script '/root/ros2_ws/install/local_setup.zsh'
[7.684s] INFO:colcon.colcon_core.shell:Creating prefix chain script '/root/ros2_ws/install/setup.zsh'
