[0.028s] Invoking command in '/root/ros2_ws/build/owl_moveit_config': CMAKE_PREFIX_PATH=/root/ros2_ws/install/owl_description:/root/ros2_ws/install/owl_moveit_config:/opt/ros/humble /usr/bin/cmake /root/ros2_ws/src/owl_moveit_config -DCMAKE_INSTALL_PREFIX=/root/ros2_ws/install/owl_moveit_config
[0.110s] -- The C compiler identification is GNU 11.4.0
[0.247s] -- The CXX compiler identification is GNU 11.4.0
[0.321s] -- Detecting C compiler ABI info
[0.412s] -- Detecting C compiler ABI info - done
[0.421s] -- Check for working C compiler: /usr/bin/cc - skipped
[0.421s] -- Detecting C compile features
[0.421s] -- Detecting C compile features - done
[0.424s] -- Detecting CXX compiler ABI info
[0.530s] -- Detecting CXX compiler ABI info - done
[0.537s] -- Check for working CXX compiler: /usr/bin/c++ - skipped
[0.538s] -- Detecting CXX compile features
[0.538s] -- Detecting CXX compile features - done
[0.540s] -- Found ament_cmake: 1.3.11 (/opt/ros/humble/share/ament_cmake/cmake)
[0.694s] -- Found Python3: /usr/bin/python3 (found version "3.10.12") found components: Interpreter 
[0.843s] -- Configuring done
[0.848s] -- Generating done
[0.850s] -- Build files have been written to: /root/ros2_ws/build/owl_moveit_config
[0.857s] Invoked command in '/root/ros2_ws/build/owl_moveit_config' returned '0': CMAKE_PREFIX_PATH=/root/ros2_ws/install/owl_description:/root/ros2_ws/install/owl_moveit_config:/opt/ros/humble /usr/bin/cmake /root/ros2_ws/src/owl_moveit_config -DCMAKE_INSTALL_PREFIX=/root/ros2_ws/install/owl_moveit_config
[0.858s] Invoking command in '/root/ros2_ws/build/owl_moveit_config': CMAKE_PREFIX_PATH=/root/ros2_ws/install/owl_description:/root/ros2_ws/install/owl_moveit_config:/opt/ros/humble /usr/bin/cmake --build /root/ros2_ws/build/owl_moveit_config -- -j8 -l8
[0.893s] Invoked command in '/root/ros2_ws/build/owl_moveit_config' returned '0': CMAKE_PREFIX_PATH=/root/ros2_ws/install/owl_description:/root/ros2_ws/install/owl_moveit_config:/opt/ros/humble /usr/bin/cmake --build /root/ros2_ws/build/owl_moveit_config -- -j8 -l8
[0.903s] Invoking command in '/root/ros2_ws/build/owl_moveit_config': CMAKE_PREFIX_PATH=/root/ros2_ws/install/owl_description:/root/ros2_ws/install/owl_moveit_config:/opt/ros/humble /usr/bin/cmake --install /root/ros2_ws/build/owl_moveit_config
[0.910s] -- Install configuration: ""
[0.911s] -- Installing: /root/ros2_ws/install/owl_moveit_config/share/ament_index/resource_index/package_run_dependencies/owl_moveit_config
[0.911s] -- Installing: /root/ros2_ws/install/owl_moveit_config/share/ament_index/resource_index/parent_prefix_path/owl_moveit_config
[0.912s] -- Installing: /root/ros2_ws/install/owl_moveit_config/share/owl_moveit_config/environment/ament_prefix_path.sh
[0.912s] -- Installing: /root/ros2_ws/install/owl_moveit_config/share/owl_moveit_config/environment/ament_prefix_path.dsv
[0.912s] -- Installing: /root/ros2_ws/install/owl_moveit_config/share/owl_moveit_config/environment/path.sh
[0.912s] -- Installing: /root/ros2_ws/install/owl_moveit_config/share/owl_moveit_config/environment/path.dsv
[0.912s] -- Installing: /root/ros2_ws/install/owl_moveit_config/share/owl_moveit_config/local_setup.bash
[0.913s] -- Installing: /root/ros2_ws/install/owl_moveit_config/share/owl_moveit_config/local_setup.sh
[0.913s] -- Installing: /root/ros2_ws/install/owl_moveit_config/share/owl_moveit_config/local_setup.zsh
[0.913s] -- Installing: /root/ros2_ws/install/owl_moveit_config/share/owl_moveit_config/local_setup.dsv
[0.913s] -- Installing: /root/ros2_ws/install/owl_moveit_config/share/owl_moveit_config/package.dsv
[0.913s] -- Installing: /root/ros2_ws/install/owl_moveit_config/share/ament_index/resource_index/packages/owl_moveit_config
[0.914s] -- Installing: /root/ros2_ws/install/owl_moveit_config/share/owl_moveit_config/cmake/owl_moveit_configConfig.cmake
[0.914s] -- Installing: /root/ros2_ws/install/owl_moveit_config/share/owl_moveit_config/cmake/owl_moveit_configConfig-version.cmake
[0.914s] -- Installing: /root/ros2_ws/install/owl_moveit_config/share/owl_moveit_config/package.xml
[0.914s] -- Installing: /root/ros2_ws/install/owl_moveit_config/share/owl_moveit_config/launch
[0.919s] -- Installing: /root/ros2_ws/install/owl_moveit_config/share/owl_moveit_config/launch/moveit_rviz.launch.py
[0.919s] -- Installing: /root/ros2_ws/install/owl_moveit_config/share/owl_moveit_config/launch/spawn_controllers.launch.py
[0.920s] -- Installing: /root/ros2_ws/install/owl_moveit_config/share/owl_moveit_config/launch/demo.launch.py
[0.921s] -- Installing: /root/ros2_ws/install/owl_moveit_config/share/owl_moveit_config/launch/static_virtual_joint_tfs.launch.py
[0.921s] -- Installing: /root/ros2_ws/install/owl_moveit_config/share/owl_moveit_config/launch/setup_assistant.launch.py
[0.922s] -- Installing: /root/ros2_ws/install/owl_moveit_config/share/owl_moveit_config/launch/rsp.launch.py
[0.922s] -- Installing: /root/ros2_ws/install/owl_moveit_config/share/owl_moveit_config/launch/move_group.launch.py
[0.923s] -- Installing: /root/ros2_ws/install/owl_moveit_config/share/owl_moveit_config/launch/warehouse_db.launch.py
[0.923s] -- Installing: /root/ros2_ws/install/owl_moveit_config/share/owl_moveit_config/config
[0.923s] -- Installing: /root/ros2_ws/install/owl_moveit_config/share/owl_moveit_config/config/owl_robot.ros2_control.xacro
[0.923s] -- Installing: /root/ros2_ws/install/owl_moveit_config/share/owl_moveit_config/config/initial_positions.yaml
[0.924s] -- Installing: /root/ros2_ws/install/owl_moveit_config/share/owl_moveit_config/config/moveit.rviz
[0.924s] -- Installing: /root/ros2_ws/install/owl_moveit_config/share/owl_moveit_config/config/pilz_cartesian_limits.yaml
[0.925s] -- Installing: /root/ros2_ws/install/owl_moveit_config/share/owl_moveit_config/config/owl_robot.srdf
[0.925s] -- Installing: /root/ros2_ws/install/owl_moveit_config/share/owl_moveit_config/config/kinematics.yaml
[0.925s] -- Installing: /root/ros2_ws/install/owl_moveit_config/share/owl_moveit_config/config/moveit_controllers.yaml
[0.925s] -- Installing: /root/ros2_ws/install/owl_moveit_config/share/owl_moveit_config/config/owl_robot.urdf.xacro
[0.926s] -- Installing: /root/ros2_ws/install/owl_moveit_config/share/owl_moveit_config/config/ros2_controllers.yaml
[0.926s] -- Installing: /root/ros2_ws/install/owl_moveit_config/share/owl_moveit_config/config/joint_limits.yaml
[0.927s] -- Installing: /root/ros2_ws/install/owl_moveit_config/share/owl_moveit_config/.setup_assistant
[0.930s] Invoked command in '/root/ros2_ws/build/owl_moveit_config' returned '0': CMAKE_PREFIX_PATH=/root/ros2_ws/install/owl_description:/root/ros2_ws/install/owl_moveit_config:/opt/ros/humble /usr/bin/cmake --install /root/ros2_ws/build/owl_moveit_config
