[0.023s] Invoking command in '/root/ros2_ws/build/owl_moveit_config': CMAKE_PREFIX_PATH=/root/ros2_ws/install/owl_description:/root/ros2_ws/install/owl_moveit_config:/opt/ros/humble /usr/bin/cmake /root/ros2_ws/src/owl_moveit_config -DAMENT_CMAKE_SYMLINK_INSTALL=1 -DCMAKE_INSTALL_PREFIX=/root/ros2_ws/install/owl_moveit_config
[0.036s] -- Found ament_cmake: 1.3.11 (/opt/ros/humble/share/ament_cmake/cmake)
[0.170s] -- Override CMake install command with custom implementation using symlinks instead of copying resources
[0.265s] -- Configuring done
[0.277s] -- Generating done
[0.281s] -- Build files have been written to: /root/ros2_ws/build/owl_moveit_config
[0.286s] Invoked command in '/root/ros2_ws/build/owl_moveit_config' returned '0': CMAKE_PREFIX_PATH=/root/ros2_ws/install/owl_description:/root/ros2_ws/install/owl_moveit_config:/opt/ros/humble /usr/bin/cmake /root/ros2_ws/src/owl_moveit_config -DAMENT_CMAKE_SYMLINK_INSTALL=1 -DCMAKE_INSTALL_PREFIX=/root/ros2_ws/install/owl_moveit_config
[0.287s] Invoking command in '/root/ros2_ws/build/owl_moveit_config': CMAKE_PREFIX_PATH=/root/ros2_ws/install/owl_description:/root/ros2_ws/install/owl_moveit_config:/opt/ros/humble /usr/bin/cmake --build /root/ros2_ws/build/owl_moveit_config -- -j8 -l8
[0.326s] Invoked command in '/root/ros2_ws/build/owl_moveit_config' returned '0': CMAKE_PREFIX_PATH=/root/ros2_ws/install/owl_description:/root/ros2_ws/install/owl_moveit_config:/opt/ros/humble /usr/bin/cmake --build /root/ros2_ws/build/owl_moveit_config -- -j8 -l8
[0.327s] Invoking command in '/root/ros2_ws/build/owl_moveit_config': CMAKE_PREFIX_PATH=/root/ros2_ws/install/owl_description:/root/ros2_ws/install/owl_moveit_config:/opt/ros/humble /usr/bin/cmake --install /root/ros2_ws/build/owl_moveit_config
[0.333s] -- Install configuration: ""
[0.334s] -- Execute custom install script
[0.334s] -- Symlinking: /root/ros2_ws/install/owl_moveit_config/share/ament_index/resource_index/package_run_dependencies/owl_moveit_config
[0.347s] -- Symlinking: /root/ros2_ws/install/owl_moveit_config/share/ament_index/resource_index/parent_prefix_path/owl_moveit_config
[0.357s] -- Symlinking: /root/ros2_ws/install/owl_moveit_config/share/owl_moveit_config/environment/ament_prefix_path.sh
[0.368s] -- Symlinking: /root/ros2_ws/install/owl_moveit_config/share/owl_moveit_config/environment/ament_prefix_path.dsv
[0.377s] -- Symlinking: /root/ros2_ws/install/owl_moveit_config/share/owl_moveit_config/environment/path.sh
[0.386s] -- Symlinking: /root/ros2_ws/install/owl_moveit_config/share/owl_moveit_config/environment/path.dsv
[0.394s] -- Symlinking: /root/ros2_ws/install/owl_moveit_config/share/owl_moveit_config/local_setup.bash
[0.404s] -- Symlinking: /root/ros2_ws/install/owl_moveit_config/share/owl_moveit_config/local_setup.sh
[0.413s] -- Symlinking: /root/ros2_ws/install/owl_moveit_config/share/owl_moveit_config/local_setup.zsh
[0.421s] -- Symlinking: /root/ros2_ws/install/owl_moveit_config/share/owl_moveit_config/local_setup.dsv
[0.430s] -- Symlinking: /root/ros2_ws/install/owl_moveit_config/share/owl_moveit_config/package.dsv
[0.438s] -- Symlinking: /root/ros2_ws/install/owl_moveit_config/share/ament_index/resource_index/packages/owl_moveit_config
[0.448s] -- Symlinking: /root/ros2_ws/install/owl_moveit_config/share/owl_moveit_config/cmake/owl_moveit_configConfig.cmake
[0.456s] -- Symlinking: /root/ros2_ws/install/owl_moveit_config/share/owl_moveit_config/cmake/owl_moveit_configConfig-version.cmake
[0.465s] -- Symlinking: /root/ros2_ws/install/owl_moveit_config/share/owl_moveit_config/package.xml
[0.474s] -- Symlinking: /root/ros2_ws/install/owl_moveit_config/share/owl_moveit_config/launch/demo.launch.py
[0.482s] -- Symlinking: /root/ros2_ws/install/owl_moveit_config/share/owl_moveit_config/launch/move_group.launch.py
[0.491s] -- Symlinking: /root/ros2_ws/install/owl_moveit_config/share/owl_moveit_config/launch/moveit_rviz.launch.py
[0.499s] -- Symlinking: /root/ros2_ws/install/owl_moveit_config/share/owl_moveit_config/launch/rsp.launch.py
[0.508s] -- Symlinking: /root/ros2_ws/install/owl_moveit_config/share/owl_moveit_config/launch/setup_assistant.launch.py
[0.524s] -- Symlinking: /root/ros2_ws/install/owl_moveit_config/share/owl_moveit_config/launch/spawn_controllers.launch.py
[0.534s] -- Symlinking: /root/ros2_ws/install/owl_moveit_config/share/owl_moveit_config/launch/static_virtual_joint_tfs.launch.py
[0.542s] -- Symlinking: /root/ros2_ws/install/owl_moveit_config/share/owl_moveit_config/launch/warehouse_db.launch.py
[0.551s] -- Symlinking: /root/ros2_ws/install/owl_moveit_config/share/owl_moveit_config/config/initial_positions.yaml
[0.559s] -- Symlinking: /root/ros2_ws/install/owl_moveit_config/share/owl_moveit_config/config/joint_limits.yaml
[0.568s] -- Symlinking: /root/ros2_ws/install/owl_moveit_config/share/owl_moveit_config/config/kinematics.yaml
[0.576s] -- Symlinking: /root/ros2_ws/install/owl_moveit_config/share/owl_moveit_config/config/moveit.rviz
[0.584s] -- Symlinking: /root/ros2_ws/install/owl_moveit_config/share/owl_moveit_config/config/moveit_controllers.yaml
[0.592s] -- Symlinking: /root/ros2_ws/install/owl_moveit_config/share/owl_moveit_config/config/owl_robot.ros2_control.xacro
[0.601s] -- Symlinking: /root/ros2_ws/install/owl_moveit_config/share/owl_moveit_config/config/owl_robot.srdf
[0.610s] -- Symlinking: /root/ros2_ws/install/owl_moveit_config/share/owl_moveit_config/config/owl_robot.urdf.xacro
[0.618s] -- Symlinking: /root/ros2_ws/install/owl_moveit_config/share/owl_moveit_config/config/pilz_cartesian_limits.yaml
[0.627s] -- Symlinking: /root/ros2_ws/install/owl_moveit_config/share/owl_moveit_config/config/ros2_controllers.yaml
[0.635s] -- Symlinking: /root/ros2_ws/install/owl_moveit_config/share/owl_moveit_config/.setup_assistant
[0.646s] Invoked command in '/root/ros2_ws/build/owl_moveit_config' returned '0': CMAKE_PREFIX_PATH=/root/ros2_ws/install/owl_description:/root/ros2_ws/install/owl_moveit_config:/opt/ros/humble /usr/bin/cmake --install /root/ros2_ws/build/owl_moveit_config
